<?xml version="1.0" encoding="UTF-8"?>
<testng-results skipped="0" failed="0" ignored="0" total="2" passed="2">
  <reporter-output>
  </reporter-output>
  <suite name="Default suite" duration-ms="21530" started-at="2021-05-18T02:03:27Z" finished-at="2021-05-18T02:03:48Z">
    <groups>
    </groups>
    <test name="Default test" duration-ms="21530" started-at="2021-05-18T02:03:27Z" finished-at="2021-05-18T02:03:48Z">
      <class name="TestLayer.HomePageTest">
        <test-method status="PASS" signature="setUp()[pri:0, instance:TestLayer.HomePageTest@59d016c9]" name="setUp" is-config="true" duration-ms="12082" started-at="2021-05-18T02:03:27Z" finished-at="2021-05-18T02:03:39Z">
          <reporter-output>
          </reporter-output>
        </test-method> <!-- setUp -->
        <test-method status="PASS" signature="verifyHomepage()[pri:1, instance:TestLayer.HomePageTest@59d016c9]" name="verifyHomepage" duration-ms="236" started-at="2021-05-18T02:03:39Z" finished-at="2021-05-18T02:03:39Z">
          <reporter-output>
          </reporter-output>
        </test-method> <!-- verifyHomepage -->
        <test-method status="PASS" signature="tearDown()[pri:0, instance:TestLayer.HomePageTest@59d016c9]" name="tearDown" is-config="true" duration-ms="645" started-at="2021-05-18T02:03:39Z" finished-at="2021-05-18T02:03:40Z">
          <reporter-output>
          </reporter-output>
        </test-method> <!-- tearDown -->
        <test-method status="PASS" signature="setUp()[pri:0, instance:TestLayer.HomePageTest@59d016c9]" name="setUp" is-config="true" duration-ms="8380" started-at="2021-05-18T02:03:40Z" finished-at="2021-05-18T02:03:48Z">
          <reporter-output>
          </reporter-output>
        </test-method> <!-- setUp -->
        <test-method status="PASS" signature="verifytitle()[pri:2, instance:TestLayer.HomePageTest@59d016c9]" name="verifytitle" duration-ms="17" started-at="2021-05-18T02:03:48Z" finished-at="2021-05-18T02:03:48Z">
          <reporter-output>
          </reporter-output>
        </test-method> <!-- verifytitle -->
        <test-method status="PASS" signature="tearDown()[pri:0, instance:TestLayer.HomePageTest@59d016c9]" name="tearDown" is-config="true" duration-ms="131" started-at="2021-05-18T02:03:48Z" finished-at="2021-05-18T02:03:48Z">
          <reporter-output>
          </reporter-output>
        </test-method> <!-- tearDown -->
      </class> <!-- TestLayer.HomePageTest -->
    </test> <!-- Default test -->
  </suite> <!-- Default suite -->
</testng-results>
